\BOOKMARK [1][-]{section*.2}{\376\377\000R\000e\000s\000u\000m\000e\000n}{}% 1
\BOOKMARK [1][-]{section*.3}{\376\377\000A\000b\000s\000t\000r\000a\000c\000t}{}% 2
\BOOKMARK [1][-]{section*.7}{\376\377\000I\000N\000T\000R\000O\000D\000U\000C\000C\000I\000\323\000N}{}% 3
\BOOKMARK [2][-]{section*.8}{\376\377\000P\000L\000A\000N\000T\000E\000A\000M\000I\000E\000N\000T\000O\000\040\000D\000E\000L\000\040\000P\000R\000O\000B\000L\000E\000M\000A}{section*.7}% 4
\BOOKMARK [3][-]{section*.10}{\376\377\000O\000b\000j\000e\000t\000i\000v\000o\000\040\000g\000e\000n\000e\000r\000a\000l}{section*.8}% 5
\BOOKMARK [3][-]{section*.11}{\376\377\000O\000b\000j\000e\000t\000i\000v\000o\000s\000\040\000e\000s\000p\000e\000c\000\355\000f\000i\000c\000o\000s}{section*.8}% 6
\BOOKMARK [2][-]{section*.12}{\376\377\000J\000U\000S\000T\000I\000F\000I\000C\000A\000C\000I\000\323\000N}{section*.7}% 7
\BOOKMARK [2][-]{section*.13}{\376\377\000A\000L\000C\000A\000N\000C\000E\000S\000\040\000Y\000\040\000L\000I\000M\000I\000T\000A\000C\000I\000O\000N\000E\000S}{section*.7}% 8
\BOOKMARK [3][-]{section*.14}{\376\377\000A\000l\000c\000a\000n\000c\000e\000s}{section*.13}% 9
\BOOKMARK [3][-]{section*.15}{\376\377\000L\000i\000m\000i\000t\000a\000c\000i\000o\000n\000e\000s}{section*.13}% 10
\BOOKMARK [1][-]{section.1}{\376\377\000M\000A\000R\000C\000O\000\040\000R\000E\000F\000E\000R\000E\000N\000C\000I\000A\000L}{}% 11
\BOOKMARK [2][-]{subsection.1.1}{\376\377\000E\000S\000T\000A\000D\000O\000\040\000D\000E\000L\000\040\000A\000R\000T\000E}{section.1}% 12
\BOOKMARK [2][-]{subsection.1.2}{\376\377\000F\000U\000N\000D\000A\000M\000E\000N\000T\000O\000S\000\040\000T\000E\000\323\000R\000I\000C\000O\000S}{section.1}% 13
\BOOKMARK [3][-]{subsubsection.1.2.1}{\376\377\000C\000i\000t\000a\000s}{subsection.1.2}% 14
\BOOKMARK [3][-]{subsubsection.1.2.2}{\376\377\000F\000i\000g\000u\000r\000a\000s\000\040\000y\000\040\000T\000a\000b\000l\000a\000s}{subsection.1.2}% 15
\BOOKMARK [1][-]{section.2}{\376\377\000D\000I\000S\000E\000\321\000O\000\040\000M\000E\000T\000O\000D\000O\000L\000\323\000G\000I\000C\000O}{}% 16
\BOOKMARK [1][-]{section.3}{\376\377\000D\000E\000S\000A\000R\000R\000O\000L\000L\000O\000\040\000D\000E\000L\000\040\000T\000R\000A\000B\000A\000J\000O}{}% 17
\BOOKMARK [2][-]{subsection.3.1}{\376\377\000A\000N\000\301\000L\000I\000S\000I\000S}{section.3}% 18
\BOOKMARK [2][-]{subsection.3.2}{\376\377\000D\000I\000S\000E\000\321\000O}{section.3}% 19
\BOOKMARK [2][-]{subsection.3.3}{\376\377\000I\000M\000P\000L\000E\000M\000E\000N\000T\000A\000C\000I\000\323\000N}{section.3}% 20
\BOOKMARK [3][-]{subsubsection.3.3.1}{\376\377\000T\000e\000m\000a\000\040\0001}{subsection.3.3}% 21
\BOOKMARK [3][-]{subsubsection.3.3.2}{\376\377\000T\000e\000m\000a\000\040\0002}{subsection.3.3}% 22
\BOOKMARK [2][-]{subsection.3.4}{\376\377\000P\000R\000U\000E\000B\000A\000S\000\040\000D\000E\000\040\000F\000U\000N\000C\000I\000O\000N\000A\000M\000I\000E\000N\000T\000O}{section.3}% 23
\BOOKMARK [1][-]{section.4}{\376\377\000A\000N\000\301\000L\000I\000S\000I\000S\000\040\000D\000E\000\040\000R\000E\000S\000U\000L\000T\000A\000D\000O\000S\000\040\000Y\000\040\000D\000I\000S\000C\000U\000S\000I\000\323\000N}{}% 24
\BOOKMARK [2][-]{subsection.4.1}{\376\377\000T\000E\000M\000A\000\040\0001}{section.4}% 25
\BOOKMARK [3][-]{subsubsection.4.1.1}{\376\377\000T\000E\000M\000A\000\040\0002}{subsection.4.1}% 26
\BOOKMARK [1][-]{section.5}{\376\377\000C\000O\000N\000C\000L\000U\000S\000I\000O\000N\000E\000S\000\040\000Y\000\040\000T\000R\000A\000B\000A\000J\000O\000S\000\040\000F\000U\000T\000U\000R\000O\000S}{}% 27
\BOOKMARK [2][-]{subsection.5.1}{\376\377\000C\000O\000N\000C\000L\000U\000S\000I\000O\000N\000E\000S}{section.5}% 28
\BOOKMARK [2][-]{subsection.5.2}{\376\377\000P\000E\000R\000S\000P\000E\000C\000T\000I\000V\000A\000S\000\040\000D\000E\000\040\000T\000R\000A\000B\000A\000J\000O\000\040\000F\000U\000T\000U\000R\000O\000\040}{section.5}% 29
\BOOKMARK [1][-]{subsection.5.2}{\376\377\000B\000I\000B\000L\000I\000O\000G\000R\000A\000F\000\315\000A}{}% 30
